waiting: completed=559 target=1445
waiting: completed=565 target=1445
waiting: completed=572 target=1445
waiting: completed=579 target=1445
waiting: completed=587 target=1445
waiting: completed=594 target=1445
waiting: completed=601 target=1445
waiting: completed=608 target=1445
waiting: completed=615 target=1445
waiting: completed=621 target=1445
waiting: completed=629 target=1445
waiting: completed=637 target=1445
waiting: completed=644 target=1445
waiting: completed=653 target=1445
waiting: completed=661 target=1445
waiting: completed=670 target=1445
waiting: completed=678 target=1445
waiting: completed=687 target=1445
waiting: completed=695 target=1445
waiting: completed=703 target=1445
waiting: completed=712 target=1445
waiting: completed=720 target=1445
waiting: completed=729 target=1445
waiting: completed=737 target=1445
waiting: completed=746 target=1445
waiting: completed=754 target=1445
waiting: completed=762 target=1445
waiting: completed=771 target=1445
waiting: completed=779 target=1445
waiting: completed=788 target=1445
waiting: completed=796 target=1445
waiting: completed=805 target=1445
waiting: completed=813 target=1445
waiting: completed=821 target=1445
waiting: completed=830 target=1445
waiting: completed=838 target=1445
waiting: completed=847 target=1445
waiting: completed=855 target=1445
waiting: completed=864 target=1445
waiting: completed=872 target=1445
waiting: completed=880 target=1445
waiting: completed=889 target=1445
waiting: completed=897 target=1445
waiting: completed=906 target=1445
waiting: completed=914 target=1445
waiting: completed=922 target=1445
waiting: completed=931 target=1445
waiting: completed=939 target=1445
waiting: completed=948 target=1445
waiting: completed=956 target=1445
waiting: completed=965 target=1445
waiting: completed=973 target=1445
waiting: completed=982 target=1445
waiting: completed=990 target=1445
waiting: completed=999 target=1445
waiting: completed=1007 target=1445
waiting: completed=1015 target=1445
waiting: completed=1024 target=1445
waiting: completed=1032 target=1445
waiting: completed=1041 target=1445
waiting: completed=1049 target=1445
waiting: completed=1058 target=1445
waiting: completed=1066 target=1445
waiting: completed=1075 target=1445
waiting: completed=1083 target=1445
waiting: completed=1092 target=1445
waiting: completed=1100 target=1445
waiting: completed=1109 target=1445
waiting: completed=1117 target=1445
waiting: completed=1125 target=1445
waiting: completed=1134 target=1445
waiting: completed=1142 target=1445
waiting: completed=1151 target=1445
waiting: completed=1159 target=1445
waiting: completed=1168 target=1445
waiting: completed=1176 target=1445
waiting: completed=1185 target=1445
waiting: completed=1193 target=1445
waiting: completed=1202 target=1445
waiting: completed=1210 target=1445
waiting: completed=1218 target=1445
waiting: completed=1227 target=1445
waiting: completed=1235 target=1445
waiting: completed=1244 target=1445
waiting: completed=1252 target=1445
waiting: completed=1261 target=1445
waiting: completed=1269 target=1445
waiting: completed=1278 target=1445
waiting: completed=1286 target=1445
waiting: completed=1294 target=1445
waiting: completed=1303 target=1445
waiting: completed=1311 target=1445
waiting: completed=1320 target=1445
waiting: completed=1328 target=1445
waiting: completed=1337 target=1445
waiting: completed=1345 target=1445
waiting: completed=1354 target=1445
waiting: completed=1362 target=1445
waiting: completed=1370 target=1445
waiting: completed=1379 target=1445
waiting: completed=1387 target=1445
waiting: completed=1396 target=1445
waiting: completed=1404 target=1445
waiting: completed=1413 target=1445
waiting: completed=1421 target=1445
waiting: completed=1430 target=1445
waiting: completed=1438 target=1445
waiting: completed=1445 target=1445
collection complete, starting estimation
estimation complete, building comparison
comparison complete, writing summary
post-processing complete
